Build started 1/1/2022 10:56:58 PM.
     1>Project "c:\Users\ahmed soliman elkomy\documents\visual studio 2010\Projects\snake_game_graphicproject\snake_game_graphicproject\snake_game_graphicproject.vcxproj" on node 2 (build target(s)).
     1>PrepareForBuild:
         Creating directory "c:\users\ahmed soliman elkomy\documents\visual studio 2010\Projects\snake_game_graphicproject\Debug\".
       InitializeBuildStatus:
         Creating "Debug\snake_game_graphicproject.unsuccessfulbuild" because "AlwaysCreate" was specified.
       ClCompile:
         C:\Program Files (x86)\Microsoft Visual Studio 10.0\VC\bin\CL.exe /c /ZI /nologo /W3 /WX- /Od /Oy- /D _MBCS /Gm /EHsc /RTC1 /MDd /GS /fp:precise /Zc:wchar_t /Zc:forScope /Fo"Debug\\" /Fd"Debug\vc100.pdb" /Gd /TP /analyze- /errorReport:prompt game.cpp main.cpp
         main.cpp
         game.cpp
         Generating Code...
       Link:
         C:\Program Files (x86)\Microsoft Visual Studio 10.0\VC\bin\link.exe /ERRORREPORT:PROMPT /OUT:"c:\users\ahmed soliman elkomy\documents\visual studio 2010\Projects\snake_game_graphicproject\Debug\snake_game_graphicproject.exe" /NOLOGO kernel32.lib user32.lib gdi32.lib winspool.lib comdlg32.lib advapi32.lib shell32.lib ole32.lib oleaut32.lib uuid.lib odbc32.lib odbccp32.lib /MANIFEST /ManifestFile:"Debug\snake_game_graphicproject.exe.intermediate.manifest" /MANIFESTUAC:"level='asInvoker' uiAccess='false'" /DEBUG /PDB:"c:\users\ahmed soliman elkomy\documents\visual studio 2010\Projects\snake_game_graphicproject\Debug\snake_game_graphicproject.pdb" /TLBID:1 /DYNAMICBASE /NXCOMPAT /IMPLIB:"c:\users\ahmed soliman elkomy\documents\visual studio 2010\Projects\snake_game_graphicproject\Debug\snake_game_graphicproject.lib" /MACHINE:X86 Debug\game.obj
         Debug\main.obj
         snake_game_graphicproject.vcxproj -> c:\users\ahmed soliman elkomy\documents\visual studio 2010\Projects\snake_game_graphicproject\Debug\snake_game_graphicproject.exe
       Manifest:
         C:\Program Files (x86)\Microsoft SDKs\Windows\v7.0A\bin\mt.exe /nologo /verbose /outputresource:"c:\users\ahmed soliman elkomy\documents\visual studio 2010\Projects\snake_game_graphicproject\Debug\snake_game_graphicproject.exe;#1" /manifest Debug\snake_game_graphicproject.exe.intermediate.manifest
       FinalizeBuildStatus:
         Deleting file "Debug\snake_game_graphicproject.unsuccessfulbuild".
         Touching "Debug\snake_game_graphicproject.lastbuildstate".
     1>Done Building Project "c:\Users\ahmed soliman elkomy\documents\visual studio 2010\Projects\snake_game_graphicproject\snake_game_graphicproject\snake_game_graphicproject.vcxproj" (build target(s)).

Build succeeded.

Time Elapsed 00:00:02.52
